{
"/source/app/simplebind/child.component.ts":{"path":"/source/app/simplebind/child.component.ts","statementMap":{"1":{"start":{"line":1,"column":0},"end":{"line":1,"column":69}},"2":{"start":{"line":11,"column":0},"end":{"line":27,"column":1}},"3":{"start":{"line":17,"column":4},"end":{"line":20,"column":5}},"4":{"start":{"line":18,"column":8},"end":{"line":18,"column":21}},"5":{"start":{"line":19,"column":8},"end":{"line":19,"column":56}},"6":{"start":{"line":22,"column":4},"end":{"line":26,"column":5}},"7":{"start":{"line":23,"column":8},"end":{"line":23,"column":19}},"8":{"start":{"line":24,"column":8},"end":{"line":24,"column":67}},"9":{"start":{"line":25,"column":8},"end":{"line":25,"column":52}},"10":{"start":{"line":12,"column":4},"end":{"line":12,"column":12}},"11":{"start":{"line":13,"column":4},"end":{"line":13,"column":12}},"12":{"start":{"line":14,"column":4},"end":{"line":14,"column":13}},"13":{"start":{"line":3,"column":0},"end":{"line":10,"column":2}},"14":{"start":{"line":27,"column":0},"end":{"line":27,"column":1}},"15":{"start":{"line":11,"column":13},"end":{"line":27,"column":1}}},"fnMap":{"1":{"name":"(anonymous_3)","line":11,"loc":{"start":{"line":11,"column":0},"end":{"line":null,"column":-1}}},"2":{"name":"ChildComponent","line":17,"loc":{"start":{"line":17,"column":4},"end":{"line":null,"column":-1}}},"3":{"name":"(anonymous_5)","line":22,"loc":{"start":{"line":22,"column":4},"end":{"line":null,"column":-1}}}},"branchMap":{},"s":{"1":1,"2":1,"3":1,"4":3,"5":3,"6":1,"7":1,"8":1,"9":1,"10":1,"11":1,"12":1,"13":1,"14":1,"15":1},"b":{},"f":{"1":1,"2":3,"3":1},"code":"import {Component, Input, Output, EventEmitter} from '@angular/core';\r\n\r\n@Component({\r\n    selector: 'as-child',\r\n    template: `\r\n        <h5>{{text}}</h5>\r\n        <h6>{{fromParent}}</h6>\r\n        <button (click)=\"changeMe()\" class=\"btn btn-primary\">Change</button>\r\n    `\r\n})\r\nexport class ChildComponent {\r\n    @Input() text: string;\r\n    @Input() fromParent: string;\r\n    @Output() fromParentChange: EventEmitter<any>;\r\n    num: number;\r\n\r\n    constructor() {\r\n        this.num = 0;\r\n        this.fromParentChange = new EventEmitter<any>();\r\n    }\r\n\r\n    changeMe() {\r\n        this.num++;\r\n        this.fromParent = 'Changed from child. Count: ' + this.num;\r\n        this.fromParentChange.next(this.fromParent);\r\n    }\r\n}\r\n","l":{"1":1,"3":1,"11":1,"12":1,"13":1,"14":1,"17":1,"18":3,"19":3,"22":1,"23":1,"24":1,"25":1,"27":1}},
"/source/app/simplebind/simplebind.component.ts":{"path":"/source/app/simplebind/simplebind.component.ts","statementMap":{"1":{"start":{"line":1,"column":0},"end":{"line":1,"column":40}},"2":{"start":{"line":2,"column":0},"end":{"line":2,"column":49}},"3":{"start":{"line":9,"column":0},"end":{"line":15,"column":1}},"4":{"start":{"line":12,"column":4},"end":{"line":14,"column":5}},"5":{"start":{"line":13,"column":8},"end":{"line":13,"column":31}},"6":{"start":{"line":4,"column":0},"end":{"line":8,"column":2}},"7":{"start":{"line":15,"column":0},"end":{"line":15,"column":1}},"8":{"start":{"line":9,"column":13},"end":{"line":15,"column":1}}},"fnMap":{"1":{"name":"(anonymous_3)","line":9,"loc":{"start":{"line":9,"column":0},"end":{"line":null,"column":-1}}},"2":{"name":"SimplebindComponent","line":12,"loc":{"start":{"line":12,"column":4},"end":{"line":null,"column":-1}}}},"branchMap":{},"s":{"1":1,"2":1,"3":1,"4":1,"5":1,"6":1,"7":1,"8":1},"b":{},"f":{"1":1,"2":1},"code":"import {Component} from '@angular/core';\r\nimport {ChildComponent} from './child.component';\r\n\r\n@Component({\r\n    selector: 'as-simplebind',\r\n    templateUrl: 'app/simplebind/simplebind.html',\r\n    directives: [ChildComponent]\r\n})\r\nexport class SimplebindComponent {\r\n    private myname: string;\r\n\r\n    constructor() {\r\n        this.myname = 'Simple';\r\n    }\r\n}\r\n","l":{"1":1,"2":1,"4":1,"9":1,"12":1,"13":1,"15":1}},
"/source/app/todolist/completed-filter.pipe.ts":{"path":"/source/app/todolist/completed-filter.pipe.ts","statementMap":{"1":{"start":{"line":1,"column":0},"end":{"line":1,"column":50}},"2":{"start":{"line":3,"column":0},"end":{"line":3,"column":30}},"3":{"start":{"line":8,"column":0},"end":{"line":16,"column":1}},"4":{"start":{"line":9,"column":4},"end":{"line":15,"column":5}},"5":{"start":{"line":10,"column":8},"end":{"line":12,"column":9}},"6":{"start":{"line":11,"column":12},"end":{"line":11,"column":25}},"7":{"start":{"line":14,"column":8},"end":{"line":14,"column":37}},"8":{"start":{"line":5,"column":0},"end":{"line":7,"column":2}},"9":{"start":{"line":16,"column":0},"end":{"line":16,"column":1}},"10":{"start":{"line":8,"column":13},"end":{"line":16,"column":1}}},"fnMap":{"1":{"name":"(anonymous_3)","line":8,"loc":{"start":{"line":8,"column":0},"end":{"line":null,"column":-1}}},"2":{"name":"(anonymous_5)","line":9,"loc":{"start":{"line":9,"column":4},"end":{"line":9,"column":33}}}},"branchMap":{"1":{"line":10,"type":"if","locations":[{"start":{"line":10,"column":8},"end":{"line":10,"column":7}},{"start":{"line":10,"column":8},"end":{"line":10,"column":7}}]}},"s":{"1":1,"2":1,"3":2,"4":1,"5":5,"6":4,"7":1,"8":1,"9":1,"10":1},"b":{"1":[4,1]},"f":{"1":4,"2":5},"code":"import {Pipe, PipeTransform} from '@angular/core';\r\nimport {Todo} from './todo.model';\r\nimport {filter} from 'lodash';\r\n\r\n@Pipe({\r\n    name: 'asCompletedFilter'\r\n})\r\nexport class CompletedFilterPipe implements PipeTransform {\r\n    transform(todos: Todo[], done): Todo[] {\r\n        if (done) {\r\n            return todos;\r\n        }\r\n\r\n        return filter(todos, {done});\r\n    }\r\n}\r\n","l":{"1":1,"3":1,"5":1,"8":2,"9":1,"10":5,"11":4,"14":1,"16":1}},
"/source/app/todolist/todo.model.ts":{"path":"/source/app/todolist/todo.model.ts","statementMap":{"1":{"start":{"line":1,"column":0},"end":{"line":18,"column":1}},"2":{"start":{"line":9,"column":4},"end":{"line":12,"column":5}},"3":{"start":{"line":9,"column":30},"end":{"line":9,"column":42}},"4":{"start":{"line":10,"column":8},"end":{"line":10,"column":25}},"5":{"start":{"line":11,"column":8},"end":{"line":11,"column":25}},"6":{"start":{"line":5,"column":11},"end":{"line":7,"column":5}},"7":{"start":{"line":6,"column":8},"end":{"line":6,"column":46}},"8":{"start":{"line":14,"column":4},"end":{"line":17,"column":5}},"9":{"start":{"line":15,"column":8},"end":{"line":15,"column":23}},"10":{"start":{"line":16,"column":8},"end":{"line":16,"column":26}},"11":{"start":{"line":18,"column":0},"end":{"line":18,"column":1}},"12":{"start":{"line":1,"column":13},"end":{"line":18,"column":1}}},"fnMap":{"1":{"name":"(anonymous_1)","line":1,"loc":{"start":{"line":1,"column":0},"end":{"line":null,"column":-1}}},"2":{"name":"Todo","line":9,"loc":{"start":{"line":9,"column":4},"end":{"line":9,"column":42}}},"3":{"name":"(anonymous_3)","line":5,"loc":{"start":{"line":5,"column":4},"end":{"line":5,"column":27}}},"4":{"name":"(anonymous_4)","line":14,"loc":{"start":{"line":14,"column":4},"end":{"line":null,"column":-1}}}},"branchMap":{"1":{"line":9,"type":"if","locations":[{"start":{"line":9,"column":30},"end":{"line":9,"column":29}},{"start":{"line":9,"column":30},"end":{"line":9,"column":29}}]}},"s":{"1":1,"2":1,"3":8,"4":7,"5":7,"6":1,"7":1,"8":1,"9":1,"10":1,"11":1,"12":1},"b":{"1":[1,6]},"f":{"1":1,"2":7,"3":1,"4":1},"code":"export class Todo {\r\n    public name: string;\r\n    public done: boolean;\r\n\r\n    static clone(todo: Todo): Todo {\r\n        return new Todo(todo.name, todo.done);\r\n    }\r\n\r\n    constructor(name: string, done = false) {\r\n        this.name = name;\r\n        this.done = done;\r\n    }\r\n\r\n    clear() {\r\n        this.name = '';\r\n        this.done = false;\r\n    }\r\n}\r\n","l":{"1":1,"5":1,"6":1,"9":8,"10":7,"11":7,"14":1,"15":1,"16":1,"18":1}},
"/source/app/todolist/todolist.component.ts":{"path":"/source/app/todolist/todolist.component.ts","statementMap":{"1":{"start":{"line":1,"column":0},"end":{"line":1,"column":40}},"2":{"start":{"line":2,"column":0},"end":{"line":2,"column":48}},"3":{"start":{"line":3,"column":0},"end":{"line":3,"column":34}},"4":{"start":{"line":4,"column":0},"end":{"line":4,"column":60}},"5":{"start":{"line":12,"column":0},"end":{"line":35,"column":1}},"6":{"start":{"line":17,"column":4},"end":{"line":24,"column":5}},"7":{"start":{"line":18,"column":8},"end":{"line":18,"column":34}},"8":{"start":{"line":19,"column":8},"end":{"line":19,"column":55}},"9":{"start":{"line":20,"column":8},"end":{"line":23,"column":10}},"10":{"start":{"line":26,"column":4},"end":{"line":29,"column":5}},"11":{"start":{"line":27,"column":8},"end":{"line":27,"column":60}},"12":{"start":{"line":28,"column":8},"end":{"line":28,"column":26}},"13":{"start":{"line":31,"column":4},"end":{"line":34,"column":5}},"14":{"start":{"line":32,"column":8},"end":{"line":33,"column":50}},"15":{"start":{"line":33,"column":29},"end":{"line":33,"column":48}},"16":{"start":{"line":6,"column":0},"end":{"line":11,"column":2}},"17":{"start":{"line":35,"column":0},"end":{"line":35,"column":1}},"18":{"start":{"line":12,"column":13},"end":{"line":35,"column":1}}},"fnMap":{"1":{"name":"(anonymous_3)","line":12,"loc":{"start":{"line":12,"column":0},"end":{"line":null,"column":-1}}},"2":{"name":"TodolistComponent","line":17,"loc":{"start":{"line":17,"column":4},"end":{"line":null,"column":-1}}},"3":{"name":"(anonymous_5)","line":26,"loc":{"start":{"line":26,"column":4},"end":{"line":null,"column":-1}}},"4":{"name":"(anonymous_6)","line":31,"loc":{"start":{"line":31,"column":4},"end":{"line":31,"column":29}}},"5":{"name":"(anonymous_7)","line":33,"loc":{"start":{"line":33,"column":12},"end":{"line":33,"column":24}}}},"branchMap":{},"s":{"1":1,"2":1,"3":1,"4":1,"5":1,"6":1,"7":1,"8":1,"9":1,"10":1,"11":1,"12":1,"13":1,"14":1,"15":3,"16":1,"17":1,"18":1},"b":{},"f":{"1":1,"2":1,"3":1,"4":1,"5":3},"code":"import {Component} from '@angular/core';\r\nimport {CORE_DIRECTIVES} from '@angular/common';\r\nimport {Todo} from './todo.model';\r\nimport {CompletedFilterPipe} from './completed-filter.pipe';\r\n\r\n@Component({\r\n    selector: 'as-todolist',\r\n    templateUrl: 'app/todolist/todolist.html',\r\n    directives: [CORE_DIRECTIVES],\r\n    pipes: [CompletedFilterPipe]\r\n})\r\nexport class TodolistComponent {\r\n    public todo: Todo;\r\n    private list: Todo[];\r\n    private showCompleted: Boolean;\r\n\r\n    constructor() {\r\n        this.showCompleted = true;\r\n        this.todo = new Todo('Add me to list!', false);\r\n        this.list = [\r\n            new Todo('Its cool'),\r\n            new Todo('Hello', true)\r\n        ];\r\n    }\r\n\r\n    addTodo() {\r\n        this.list = this.list.concat(Todo.clone(this.todo));\r\n        this.todo.clear();\r\n    }\r\n\r\n    delTodo(todoIndex: number) {\r\n        this.list = this.list.filter(\r\n            (todo, index) => index !== todoIndex);\r\n    }\r\n}\r\n","l":{"1":1,"2":1,"3":1,"4":1,"6":1,"12":1,"17":1,"18":1,"19":1,"20":1,"26":1,"27":1,"28":1,"31":1,"32":1,"33":3,"35":1}},
"/source/app/token.service.ts":{"path":"/source/app/token.service.ts","statementMap":{"1":{"start":{"line":1,"column":0},"end":{"line":1,"column":43}},"2":{"start":{"line":2,"column":0},"end":{"line":2,"column":51}},"3":{"start":{"line":5,"column":0},"end":{"line":11,"column":1}},"4":{"start":{"line":8,"column":9},"end":{"line":10,"column":3}},"5":{"start":{"line":9,"column":4},"end":{"line":9,"column":25}},"6":{"start":{"line":4,"column":0},"end":{"line":4,"column":13}},"7":{"start":{"line":11,"column":0},"end":{"line":11,"column":1}},"8":{"start":{"line":5,"column":13},"end":{"line":11,"column":1}},"9":{"start":{"line":14,"column":0},"end":{"line":35,"column":1}},"10":{"start":{"line":18,"column":2},"end":{"line":20,"column":3}},"11":{"start":{"line":18,"column":22},"end":{"line":18,"column":51}},"12":{"start":{"line":19,"column":6},"end":{"line":19,"column":42}},"13":{"start":{"line":22,"column":9},"end":{"line":24,"column":3}},"14":{"start":{"line":23,"column":4},"end":{"line":23,"column":30}},"15":{"start":{"line":26,"column":9},"end":{"line":29,"column":3}},"16":{"start":{"line":27,"column":6},"end":{"line":27,"column":73}},"17":{"start":{"line":28,"column":6},"end":{"line":28,"column":57}},"18":{"start":{"line":31,"column":9},"end":{"line":33,"column":3}},"19":{"start":{"line":32,"column":6},"end":{"line":32,"column":57}},"20":{"start":{"line":13,"column":0},"end":{"line":13,"column":13}},"21":{"start":{"line":35,"column":0},"end":{"line":35,"column":1}},"22":{"start":{"line":14,"column":13},"end":{"line":35,"column":1}}},"fnMap":{"1":{"name":"(anonymous_3)","line":5,"loc":{"start":{"line":5,"column":0},"end":{"line":null,"column":-1}}},"2":{"name":"(anonymous_5)","line":8,"loc":{"start":{"line":8,"column":2},"end":{"line":null,"column":-1}}},"3":{"name":"(anonymous_6)","line":14,"loc":{"start":{"line":14,"column":0},"end":{"line":null,"column":-1}}},"4":{"name":"TokenService","line":18,"loc":{"start":{"line":18,"column":2},"end":{"line":18,"column":51}}},"5":{"name":"(anonymous_8)","line":22,"loc":{"start":{"line":22,"column":2},"end":{"line":null,"column":-1}}},"6":{"name":"(anonymous_9)","line":26,"loc":{"start":{"line":26,"column":2},"end":{"line":26,"column":31}}},"7":{"name":"(anonymous_10)","line":31,"loc":{"start":{"line":31,"column":2},"end":{"line":null,"column":-1}}}},"branchMap":{},"s":{"1":1,"2":1,"3":2,"4":1,"5":0,"6":1,"7":1,"8":1,"9":1,"10":1,"11":0,"12":0,"13":1,"14":0,"15":1,"16":0,"17":0,"18":1,"19":0,"20":1,"21":1,"22":1},"b":{},"f":{"1":1,"2":0,"3":1,"4":0,"5":0,"6":0,"7":0},"code":"import { Injectable } from '@angular/core';\nimport {CookieService} from 'angular2-cookie/core';\r\n\r\n@Injectable()\r\nexport class Token {\r\n  private jwtToken: string;\r\n\r\n  public getJwtToken() {\r\n    return this.jwtToken;\r\n  }\r\n}\r\n\r\n@Injectable()\nexport class TokenService {\n\r\n  private tokenstorekey: string;\r\n\r\n  constructor(private _cookieService: CookieService) {\r\n      this.tokenstorekey = 'jwtAuthToken';\r\n  }\r\n\r\n  public testToken() {\r\n    return this.tokenstorekey;\r\n  }\r\n\r\n  public saveToken(value: Token) {\r\n      this._cookieService.put(this.tokenstorekey, JSON.stringify(value));\r\n      return this._cookieService.get(this.tokenstorekey);\r\n  }\r\n\n  public getToken() {\r\n      return this._cookieService.get(this.tokenstorekey);\r\n  }\r\n\r\n}\r\n","l":{"1":1,"2":1,"4":1,"5":2,"8":1,"9":0,"11":1,"13":1,"14":1,"18":1,"19":0,"22":1,"23":0,"26":1,"27":0,"28":0,"31":1,"32":0,"35":1}},
"/source/app/backendcall.service.ts":{"path":"/source/app/backendcall.service.ts","statementMap":{"1":{"start":{"line":1,"column":0},"end":{"line":1,"column":43}},"2":{"start":{"line":2,"column":0},"end":{"line":2,"column":56}},"3":{"start":{"line":3,"column":0},"end":{"line":3,"column":31}},"4":{"start":{"line":4,"column":0},"end":{"line":4,"column":33}},"5":{"start":{"line":5,"column":0},"end":{"line":5,"column":37}},"6":{"start":{"line":6,"column":0},"end":{"line":6,"column":43}},"7":{"start":{"line":10,"column":0},"end":{"line":55,"column":1}},"8":{"start":{"line":16,"column":6},"end":{"line":29,"column":7}},"9":{"start":{"line":16,"column":26},"end":{"line":16,"column":37}},"10":{"start":{"line":31,"column":13},"end":{"line":35,"column":7}},"11":{"start":{"line":32,"column":8},"end":{"line":34,"column":44}},"12":{"start":{"line":17,"column":8},"end":{"line":21,"column":9}},"13":{"start":{"line":18,"column":10},"end":{"line":18,"column":34}},"14":{"start":{"line":20,"column":10},"end":{"line":20,"column":65}},"15":{"start":{"line":23,"column":8},"end":{"line":23,"column":35}},"16":{"start":{"line":25,"column":8},"end":{"line":25,"column":37}},"17":{"start":{"line":26,"column":8},"end":{"line":26,"column":65}},"18":{"start":{"line":27,"column":8},"end":{"line":27,"column":64}},"19":{"start":{"line":28,"column":8},"end":{"line":28,"column":58}},"20":{"start":{"line":37,"column":13},"end":{"line":42,"column":3}},"21":{"start":{"line":38,"column":10},"end":{"line":41,"column":40}},"22":{"start":{"line":40,"column":33},"end":{"line":40,"column":57}},"23":{"start":{"line":44,"column":14},"end":{"line":47,"column":7}},"24":{"start":{"line":45,"column":10},"end":{"line":45,"column":32}},"25":{"start":{"line":46,"column":10},"end":{"line":46,"column":37}},"26":{"start":{"line":49,"column":14},"end":{"line":54,"column":7}},"27":{"start":{"line":50,"column":8},"end":{"line":51,"column":82}},"28":{"start":{"line":52,"column":8},"end":{"line":52,"column":30}},"29":{"start":{"line":53,"column":8},"end":{"line":53,"column":40}},"30":{"start":{"line":9,"column":0},"end":{"line":9,"column":13}},"31":{"start":{"line":55,"column":0},"end":{"line":55,"column":1}},"32":{"start":{"line":10,"column":13},"end":{"line":55,"column":1}}},"fnMap":{"1":{"name":"(anonymous_3)","line":10,"loc":{"start":{"line":10,"column":0},"end":{"line":null,"column":-1}}},"2":{"name":"BackendcallService","line":16,"loc":{"start":{"line":16,"column":6},"end":{"line":16,"column":82}}},"3":{"name":"(anonymous_5)","line":31,"loc":{"start":{"line":31,"column":22},"end":{"line":null,"column":-1}}},"4":{"name":"(anonymous_6)","line":37,"loc":{"start":{"line":37,"column":6},"end":{"line":null,"column":-1}}},"5":{"name":"(anonymous_7)","line":40,"loc":{"start":{"line":40,"column":21},"end":{"line":40,"column":29}}},"6":{"name":"(anonymous_8)","line":44,"loc":{"start":{"line":44,"column":6},"end":{"line":44,"column":39}}},"7":{"name":"(anonymous_9)","line":49,"loc":{"start":{"line":49,"column":6},"end":{"line":49,"column":37}}}},"branchMap":{"1":{"line":17,"type":"if","locations":[{"start":{"line":17,"column":8},"end":{"line":17,"column":7}},{"start":{"line":17,"column":8},"end":{"line":17,"column":7}}]},"2":{"line":46,"type":"binary-expr","locations":[{"start":{"line":46,"column":17},"end":{"line":46,"column":29}},{"start":{"line":46,"column":33},"end":{"line":46,"column":36}}]},"3":{"line":50,"type":"cond-expr","locations":[{"start":{"line":50,"column":39},"end":{"line":50,"column":52}},{"start":{"line":51,"column":10},"end":{"line":51,"column":81}}]},"4":{"line":51,"type":"cond-expr","locations":[{"start":{"line":51,"column":28},"end":{"line":51,"column":64}},{"start":{"line":51,"column":67},"end":{"line":51,"column":81}}]}},"s":{"1":1,"2":1,"3":1,"4":1,"5":1,"6":1,"7":2,"8":1,"9":1,"10":1,"11":1,"12":1,"13":0,"14":1,"15":1,"16":1,"17":1,"18":1,"19":1,"20":1,"21":0,"22":0,"23":1,"24":0,"25":0,"26":1,"27":1,"28":1,"29":1,"30":1,"31":1,"32":1},"b":{"1":[0,1],"2":[0,0],"3":[0,1],"4":[1,0]},"f":{"1":1,"2":1,"3":1,"4":0,"5":0,"6":0,"7":1},"code":"import { Injectable } from '@angular/core';\nimport { Http, Headers, Response } from '@angular/http';\r\nimport 'rxjs/add/operator/map';\r\nimport 'rxjs/add/operator/catch';\nimport 'rxjs/add/operator/toPromise';\r\nimport {Observable} from 'rxjs/Observable';\r\nimport {Token} from './token.service';\r\n\r\n@Injectable()\nexport class BackendcallService {\n\r\n      private actionUrl: string;\r\n      private headers: Headers;\r\n      private encodedString: string;\r\n\r\n      constructor(private _http: Http, user: string, pw: string, actionUrl: string) {\r\n        if (user.localeCompare('token')) {\r\n          this.encodedString = pw;\r\n        } else {\r\n          this.encodedString = 'Basic ' + btoa( user + ':' + pw);\r\n        }\r\n\r\n        this.actionUrl = actionUrl;\r\n\r\n        this.headers = new Headers();\r\n        this.headers.append('Authorization', this.encodedString);\r\n        this.headers.append('Content-Type', 'application/json');\r\n        this.headers.append('Accept', 'application/json');\r\n      }\r\n\r\n      public getAll = (): Observable<String[]> => {\r\n        return this._http.get(this.actionUrl, {headers: this.headers})\r\n                   .map(this.extractData)\r\n                   .catch(this.handleError);\r\n      }\r\n\r\n      public getToken(): Promise<Token> {\r\n          return this._http.get(this.actionUrl, {headers: this.headers})\r\n               .toPromise()\r\n               .then(response => response.json().jwtToken)\r\n               .catch(this.handleError);\r\n  }\r\n\r\n      private extractData(res: Response) {\r\n          let body = res.json();\r\n          return body.content || { };\r\n      }\r\n\r\n      private handleError (error: any) {\r\n        let errMsg = (error.message) ? error.message :\r\n          error.status ? `${error.status} - ${error.statusText}` : 'Server error';\r\n        console.error(errMsg);\r\n        return Observable.throw(errMsg);\r\n      }\r\n}\n","l":{"1":1,"2":1,"3":1,"4":1,"5":1,"6":1,"9":1,"10":2,"16":1,"17":1,"18":0,"20":1,"23":1,"25":1,"26":1,"27":1,"28":1,"31":1,"32":1,"37":1,"38":0,"40":0,"44":1,"45":0,"46":0,"49":1,"50":1,"52":1,"53":1,"55":1}},
"/source/app/login/login.component.ts":{"path":"/source/app/login/login.component.ts","statementMap":{"1":{"start":{"line":1,"column":0},"end":{"line":1,"column":40}},"2":{"start":{"line":2,"column":0},"end":{"line":2,"column":65}},"3":{"start":{"line":3,"column":0},"end":{"line":3,"column":39}},"4":{"start":{"line":4,"column":0},"end":{"line":4,"column":51}},"5":{"start":{"line":5,"column":0},"end":{"line":5,"column":60}},"6":{"start":{"line":6,"column":0},"end":{"line":6,"column":55}},"7":{"start":{"line":15,"column":0},"end":{"line":37,"column":1}},"8":{"start":{"line":22,"column":4},"end":{"line":23,"column":5}},"9":{"start":{"line":22,"column":24},"end":{"line":22,"column":51}},"10":{"start":{"line":22,"column":61},"end":{"line":22,"column":72}},"11":{"start":{"line":22,"column":82},"end":{"line":22,"column":97}},"12":{"start":{"line":17,"column":4},"end":{"line":17,"column":22}},"13":{"start":{"line":25,"column":4},"end":{"line":30,"column":5}},"14":{"start":{"line":26,"column":8},"end":{"line":26,"column":30}},"15":{"start":{"line":27,"column":8},"end":{"line":27,"column":58}},"16":{"start":{"line":28,"column":8},"end":{"line":28,"column":64}},"17":{"start":{"line":32,"column":4},"end":{"line":35,"column":5}},"18":{"start":{"line":33,"column":7},"end":{"line":34,"column":86}},"19":{"start":{"line":34,"column":50},"end":{"line":34,"column":84}},"20":{"start":{"line":8,"column":0},"end":{"line":13,"column":2}},"21":{"start":{"line":37,"column":0},"end":{"line":37,"column":1}},"22":{"start":{"line":15,"column":13},"end":{"line":37,"column":1}}},"fnMap":{"1":{"name":"(anonymous_3)","line":15,"loc":{"start":{"line":15,"column":0},"end":{"line":null,"column":-1}}},"2":{"name":"LoginComponent","line":22,"loc":{"start":{"line":22,"column":4},"end":{"line":22,"column":97}}},"3":{"name":"(anonymous_5)","line":25,"loc":{"start":{"line":25,"column":4},"end":{"line":25,"column":31}}},"4":{"name":"(anonymous_6)","line":32,"loc":{"start":{"line":32,"column":4},"end":{"line":32,"column":49}}},"5":{"name":"(anonymous_7)","line":34,"loc":{"start":{"line":34,"column":33},"end":{"line":34,"column":45}}}},"branchMap":{},"s":{"1":1,"2":1,"3":1,"4":1,"5":1,"6":1,"7":1,"8":1,"9":0,"10":0,"11":0,"12":0,"13":1,"14":0,"15":0,"16":0,"17":1,"18":0,"19":0,"20":1,"21":1,"22":1},"b":{},"f":{"1":1,"2":0,"3":0,"4":0,"5":0},"code":"import {Component} from '@angular/core';\r\nimport {CORE_DIRECTIVES, FORM_DIRECTIVES} from '@angular/common';\r\nimport {Router} from '@angular/router';\r\nimport {Http, HTTP_PROVIDERS} from '@angular/http';\r\nimport {BackendcallService} from './../backendcall.service';\r\nimport {TokenService, Token} from './../token.service';\r\n\r\n@Component({\r\n    selector: 'as-login',\r\n    templateUrl: 'app/login/login.html',\r\n    directives: [CORE_DIRECTIVES, FORM_DIRECTIVES],\r\n    viewProviders: [HTTP_PROVIDERS]\r\n})\r\n\r\nexport class LoginComponent {\r\n\r\n    submitted = false;\r\n\r\n    private username: string;\r\n    private password: string;\r\n\r\n    constructor(private _tokenservice: TokenService, private _http: Http, private _router: Router) {\r\n    }\r\n\r\n    onSubmit(username, password) {\r\n        this.submitted = true;\r\n        console.log(this.username + ', ' + this.password);\r\n        this.authenticateForToken(this.username, this.password);\r\n        // this._router.navigateByUrl('/');\r\n    }\r\n\r\n    authenticateForToken(user: string, pw: string) {\r\n       new BackendcallService(this._http, user, pw, 'http://192.168.99.100:8088/authentication')\r\n                .getToken().then((data: Token) => this._tokenservice.saveToken(data)); // saveToken(data)\r\n    }\r\n\r\n}\r\n","l":{"1":1,"2":1,"3":1,"4":1,"5":1,"6":1,"8":1,"15":1,"17":0,"22":1,"25":1,"26":0,"27":0,"28":0,"32":1,"33":0,"34":0,"37":1}},
"/source/app/simple/simple.component.ts":{"path":"/source/app/simple/simple.component.ts","statementMap":{"1":{"start":{"line":1,"column":0},"end":{"line":1,"column":48}},"2":{"start":{"line":2,"column":0},"end":{"line":2,"column":48}},"3":{"start":{"line":3,"column":0},"end":{"line":3,"column":51}},"4":{"start":{"line":4,"column":0},"end":{"line":4,"column":60}},"5":{"start":{"line":13,"column":0},"end":{"line":28,"column":1}},"6":{"start":{"line":18,"column":6},"end":{"line":20,"column":7}},"7":{"start":{"line":18,"column":26},"end":{"line":18,"column":37}},"8":{"start":{"line":19,"column":8},"end":{"line":19,"column":119}},"9":{"start":{"line":22,"column":6},"end":{"line":27,"column":7}},"10":{"start":{"line":23,"column":8},"end":{"line":26,"column":61}},"11":{"start":{"line":24,"column":44},"end":{"line":24,"column":71}},"12":{"start":{"line":25,"column":25},"end":{"line":25,"column":43}},"13":{"start":{"line":26,"column":22},"end":{"line":26,"column":59}},"14":{"start":{"line":6,"column":0},"end":{"line":11,"column":2}},"15":{"start":{"line":28,"column":0},"end":{"line":28,"column":1}},"16":{"start":{"line":13,"column":13},"end":{"line":28,"column":1}}},"fnMap":{"1":{"name":"(anonymous_3)","line":13,"loc":{"start":{"line":13,"column":0},"end":{"line":null,"column":-1}}},"2":{"name":"SimpleComponent","line":18,"loc":{"start":{"line":18,"column":6},"end":{"line":18,"column":37}}},"3":{"name":"(anonymous_5)","line":22,"loc":{"start":{"line":22,"column":6},"end":{"line":null,"column":-1}}},"4":{"name":"(anonymous_6)","line":24,"loc":{"start":{"line":24,"column":23},"end":{"line":24,"column":38}}},"5":{"name":"(anonymous_7)","line":25,"loc":{"start":{"line":25,"column":16},"end":{"line":25,"column":21}}},"6":{"name":"(anonymous_8)","line":26,"loc":{"start":{"line":26,"column":16},"end":{"line":26,"column":21}}}},"branchMap":{},"s":{"1":1,"2":1,"3":1,"4":1,"5":1,"6":1,"7":1,"8":1,"9":2,"10":1,"11":0,"12":1,"13":0,"14":1,"15":1,"16":1},"b":{},"f":{"1":1,"2":1,"3":1,"4":0,"5":1,"6":0},"code":"import {Component, OnInit} from '@angular/core';\r\nimport {CORE_DIRECTIVES} from '@angular/common';\r\nimport {Http, HTTP_PROVIDERS} from '@angular/http';\r\nimport {BackendcallService} from './../backendcall.service';\r\n\r\n@Component({\r\n    selector: 'as-simple',\r\n    templateUrl: 'app/simple/simple.html',\r\n    directives: [CORE_DIRECTIVES],\r\n    viewProviders: [HTTP_PROVIDERS]\r\n})\r\n\r\nexport class SimpleComponent implements OnInit {\r\n\r\n      private servicetemplate: string[];\r\n      private backend: BackendcallService;\r\n\r\n      constructor(private _http: Http) {\r\n        this.backend = new BackendcallService(_http, 'token', 'XXXXXXX', 'http://192.168.99.100:8082/servicetemplate');\r\n      }\r\n\r\n      ngOnInit() {\r\n        this.backend.getAll()\r\n            .subscribe((data: string[] ) => this.servicetemplate = data,\r\n                error => console.log(error),\r\n                () => console.log('Get all Items complete'));\r\n      }\r\n}\r\n","l":{"1":1,"2":1,"3":1,"4":1,"6":1,"13":1,"18":1,"19":1,"22":2,"23":1,"24":0,"25":1,"26":0,"28":1}},
"/source/app/app.component.ts":{"path":"/source/app/app.component.ts","statementMap":{"1":{"start":{"line":1,"column":0},"end":{"line":1,"column":40}},"2":{"start":{"line":2,"column":0},"end":{"line":2,"column":58}},"3":{"start":{"line":3,"column":0},"end":{"line":3,"column":40}},"4":{"start":{"line":4,"column":0},"end":{"line":4,"column":58}},"5":{"start":{"line":5,"column":0},"end":{"line":5,"column":35}},"6":{"start":{"line":13,"column":0},"end":{"line":21,"column":1}},"7":{"start":{"line":17,"column":4},"end":{"line":20,"column":5}},"8":{"start":{"line":18,"column":8},"end":{"line":18,"column":36}},"9":{"start":{"line":19,"column":8},"end":{"line":19,"column":49}},"10":{"start":{"line":7,"column":0},"end":{"line":12,"column":19}},"11":{"start":{"line":21,"column":0},"end":{"line":21,"column":1}},"12":{"start":{"line":13,"column":13},"end":{"line":21,"column":1}}},"fnMap":{"1":{"name":"(anonymous_3)","line":13,"loc":{"start":{"line":13,"column":0},"end":{"line":null,"column":-1}}},"2":{"name":"AppComponent","line":17,"loc":{"start":{"line":17,"column":4},"end":{"line":null,"column":-1}}}},"branchMap":{},"s":{"1":1,"2":1,"3":1,"4":1,"5":1,"6":1,"7":1,"8":1,"9":1,"10":1,"11":1,"12":1},"b":{},"f":{"1":1,"2":1},"code":"import {Component} from '@angular/core';\r\nimport {Routes, ROUTER_DIRECTIVES} from '@angular/router';\r\nimport {APP_ROUTES} from './app.routes';\r\nimport {NavbarComponent} from './navbar/navbar.component';\r\nimport {CONSTANTS} from './shared';\r\n\r\n@Component({\r\n    selector: 'as-main-app',\r\n    templateUrl: 'app/app.html',\r\n    directives: [NavbarComponent, ROUTER_DIRECTIVES]\r\n})\r\n@Routes(APP_ROUTES)\r\nexport class AppComponent {\r\n    public appRoutes: any[];\r\n    public appBrand: string;\r\n\r\n    constructor() {\r\n        this.appRoutes = APP_ROUTES;\r\n        this.appBrand = CONSTANTS.MAIN.APP.BRAND;\r\n    }\r\n}\r\n","l":{"1":1,"2":1,"3":1,"4":1,"5":1,"7":1,"13":1,"17":1,"18":1,"19":1,"21":1}},
"/source/app/app.routes.ts":{"path":"/source/app/app.routes.ts","statementMap":{"1":{"start":{"line":1,"column":0},"end":{"line":1,"column":52}},"2":{"start":{"line":2,"column":0},"end":{"line":2,"column":58}},"3":{"start":{"line":3,"column":0},"end":{"line":3,"column":55}},"4":{"start":{"line":5,"column":11},"end":{"line":9,"column":2}}},"fnMap":{},"branchMap":{},"s":{"1":1,"2":1,"3":1,"4":1},"b":{},"f":{},"code":"import {HomeComponent} from './home/home.component';\r\nimport {SimpleComponent} from './simple/simple.component';\r\nimport {LoginComponent} from './login/login.component';\r\n\r\nexport var APP_ROUTES: any[] = [\r\n    { path: '/', name: 'Home', component: HomeComponent },\r\n    { path: '/simple', name: 'Article', component: SimpleComponent },\r\n    { path: '/login', name: 'Login', component: LoginComponent }\r\n];\r\n","l":{"1":1,"2":1,"3":1,"5":1}},
"/source/app/home/home.component.ts":{"path":"/source/app/home/home.component.ts","statementMap":{"1":{"start":{"line":1,"column":0},"end":{"line":1,"column":40}},"2":{"start":{"line":10,"column":0},"end":{"line":11,"column":1}},"3":{"start":{"line":3,"column":0},"end":{"line":9,"column":2}},"4":{"start":{"line":11,"column":0},"end":{"line":11,"column":1}},"5":{"start":{"line":10,"column":13},"end":{"line":11,"column":1}}},"fnMap":{"1":{"name":"(anonymous_3)","line":10,"loc":{"start":{"line":10,"column":0},"end":{"line":null,"column":-1}}}},"branchMap":{},"s":{"1":1,"2":2,"3":1,"4":1,"5":1},"b":{},"f":{"1":1},"code":"import {Component} from '@angular/core';\r\n\r\n@Component({\r\n    selector: 'as-home',\r\n    templateUrl: 'app/home/home.html',\r\n    styleUrls: [\r\n        'app/home/home.css'\r\n    ]\r\n})\r\nexport class HomeComponent {\r\n}\r\n","l":{"1":1,"3":1,"10":2,"11":1}},
"/source/app/navbar/navbar.component.ts":{"path":"/source/app/navbar/navbar.component.ts","statementMap":{"1":{"start":{"line":1,"column":0},"end":{"line":1,"column":72}},"2":{"start":{"line":2,"column":0},"end":{"line":2,"column":48}},"3":{"start":{"line":3,"column":0},"end":{"line":3,"column":50}},"4":{"start":{"line":11,"column":0},"end":{"line":14,"column":1}},"5":{"start":{"line":12,"column":4},"end":{"line":12,"column":12}},"6":{"start":{"line":13,"column":4},"end":{"line":13,"column":12}},"7":{"start":{"line":5,"column":0},"end":{"line":10,"column":2}},"8":{"start":{"line":14,"column":0},"end":{"line":14,"column":1}},"9":{"start":{"line":11,"column":13},"end":{"line":14,"column":1}}},"fnMap":{"1":{"name":"(anonymous_3)","line":11,"loc":{"start":{"line":11,"column":0},"end":{"line":null,"column":-1}}}},"branchMap":{},"s":{"1":1,"2":1,"3":1,"4":2,"5":1,"6":1,"7":1,"8":1,"9":1},"b":{},"f":{"1":2},"code":"import {Component, Input, ChangeDetectionStrategy} from '@angular/core';\r\nimport {CORE_DIRECTIVES} from '@angular/common';\r\nimport {ROUTER_DIRECTIVES} from '@angular/router';\r\n\r\n@Component({\r\n    selector: 'as-navbar',\r\n    templateUrl: 'app/navbar/navbar.html',\r\n    changeDetection: ChangeDetectionStrategy.OnPush,\r\n    directives: [ROUTER_DIRECTIVES, CORE_DIRECTIVES]\r\n})\r\nexport class NavbarComponent {\r\n    @Input() brand: string;\r\n    @Input() routes: any[];\r\n}\r\n","l":{"1":1,"2":1,"3":1,"5":1,"11":2,"12":1,"13":1,"14":1}},
"/source/app/shared/index.ts":{"path":"/source/app/shared/index.ts","statementMap":{"1":{"start":{"line":1,"column":0},"end":{"line":1,"column":33}}},"fnMap":{},"branchMap":{},"s":{"1":1},"b":{},"f":{},"code":"export * from './constant/index';\r\n","l":{"1":1}},
"/source/app/shared/constant/index.ts":{"path":"/source/app/shared/constant/index.ts","statementMap":{"1":{"start":{"line":1,"column":0},"end":{"line":1,"column":30}},"2":{"start":{"line":3,"column":13},"end":{"line":5,"column":2}}},"fnMap":{},"branchMap":{},"s":{"1":1,"2":1},"b":{},"f":{},"code":"import { MAIN } from './main';\r\n\r\nexport const CONSTANTS = {\r\n    MAIN\r\n};\r\n","l":{"1":1,"3":1}},
"/source/app/shared/constant/main.ts":{"path":"/source/app/shared/constant/main.ts","statementMap":{"1":{"start":{"line":1,"column":13},"end":{"line":5,"column":2}}},"fnMap":{},"branchMap":{},"s":{"1":1},"b":{},"f":{},"code":"export const MAIN = {\r\n    APP: {\r\n        BRAND: 'Onlineshop'\r\n    }\r\n};\r\n","l":{"1":1}}}
