TN:
SF:/source/app/simplebind/child.component.ts
FN:11,(anonymous_3)
FN:17,ChildComponent
FN:22,(anonymous_5)
FNF:3
FNH:3
FNDA:1,(anonymous_3)
FNDA:3,ChildComponent
FNDA:1,(anonymous_5)
DA:1,1
DA:3,1
DA:11,1
DA:12,1
DA:13,1
DA:14,1
DA:17,1
DA:18,3
DA:19,3
DA:22,1
DA:23,1
DA:24,1
DA:25,1
DA:27,1
LF:14
LH:14
BRF:0
BRH:0
end_of_record
TN:
SF:/source/app/simplebind/simplebind.component.ts
FN:9,(anonymous_3)
FN:12,SimplebindComponent
FNF:2
FNH:2
FNDA:1,(anonymous_3)
FNDA:1,SimplebindComponent
DA:1,1
DA:2,1
DA:4,1
DA:9,1
DA:12,1
DA:13,1
DA:15,1
LF:7
LH:7
BRF:0
BRH:0
end_of_record
TN:
SF:/source/app/todolist/completed-filter.pipe.ts
FN:8,(anonymous_3)
FN:9,(anonymous_5)
FNF:2
FNH:2
FNDA:4,(anonymous_3)
FNDA:5,(anonymous_5)
DA:1,1
DA:3,1
DA:5,1
DA:8,2
DA:9,1
DA:10,5
DA:11,4
DA:14,1
DA:16,1
LF:9
LH:9
BRDA:10,1,0,4
BRDA:10,1,1,1
BRF:2
BRH:2
end_of_record
TN:
SF:/source/app/todolist/todo.model.ts
FN:1,(anonymous_1)
FN:9,Todo
FN:5,(anonymous_3)
FN:14,(anonymous_4)
FNF:4
FNH:4
FNDA:1,(anonymous_1)
FNDA:7,Todo
FNDA:1,(anonymous_3)
FNDA:1,(anonymous_4)
DA:1,1
DA:5,1
DA:6,1
DA:9,8
DA:10,7
DA:11,7
DA:14,1
DA:15,1
DA:16,1
DA:18,1
LF:10
LH:10
BRDA:9,1,0,1
BRDA:9,1,1,6
BRF:2
BRH:2
end_of_record
TN:
SF:/source/app/todolist/todolist.component.ts
FN:12,(anonymous_3)
FN:17,TodolistComponent
FN:26,(anonymous_5)
FN:31,(anonymous_6)
FN:33,(anonymous_7)
FNF:5
FNH:5
FNDA:1,(anonymous_3)
FNDA:1,TodolistComponent
FNDA:1,(anonymous_5)
FNDA:1,(anonymous_6)
FNDA:3,(anonymous_7)
DA:1,1
DA:2,1
DA:3,1
DA:4,1
DA:6,1
DA:12,1
DA:17,1
DA:18,1
DA:19,1
DA:20,1
DA:26,1
DA:27,1
DA:28,1
DA:31,1
DA:32,1
DA:33,3
DA:35,1
LF:17
LH:17
BRF:0
BRH:0
end_of_record
TN:
SF:/source/app/token.service.ts
FN:5,(anonymous_3)
FN:8,(anonymous_5)
FN:14,(anonymous_6)
FN:18,TokenService
FN:22,(anonymous_8)
FN:26,(anonymous_9)
FN:31,(anonymous_10)
FNF:7
FNH:2
FNDA:1,(anonymous_3)
FNDA:0,(anonymous_5)
FNDA:1,(anonymous_6)
FNDA:0,TokenService
FNDA:0,(anonymous_8)
FNDA:0,(anonymous_9)
FNDA:0,(anonymous_10)
DA:1,1
DA:2,1
DA:4,1
DA:5,2
DA:8,1
DA:9,0
DA:11,1
DA:13,1
DA:14,1
DA:18,1
DA:19,0
DA:22,1
DA:23,0
DA:26,1
DA:27,0
DA:28,0
DA:31,1
DA:32,0
DA:35,1
LF:19
LH:13
BRF:0
BRH:0
end_of_record
TN:
SF:/source/app/backendcall.service.ts
FN:10,(anonymous_3)
FN:16,BackendcallService
FN:31,(anonymous_5)
FN:37,(anonymous_6)
FN:40,(anonymous_7)
FN:44,(anonymous_8)
FN:49,(anonymous_9)
FNF:7
FNH:4
FNDA:1,(anonymous_3)
FNDA:1,BackendcallService
FNDA:1,(anonymous_5)
FNDA:0,(anonymous_6)
FNDA:0,(anonymous_7)
FNDA:0,(anonymous_8)
FNDA:1,(anonymous_9)
DA:1,1
DA:2,1
DA:3,1
DA:4,1
DA:5,1
DA:6,1
DA:9,1
DA:10,2
DA:16,1
DA:17,1
DA:18,0
DA:20,1
DA:23,1
DA:25,1
DA:26,1
DA:27,1
DA:28,1
DA:31,1
DA:32,1
DA:37,1
DA:38,0
DA:40,0
DA:44,1
DA:45,0
DA:46,0
DA:49,1
DA:50,1
DA:52,1
DA:53,1
DA:55,1
LF:30
LH:25
BRDA:17,1,0,0
BRDA:17,1,1,1
BRDA:46,2,0,0
BRDA:46,2,1,0
BRDA:50,3,0,0
BRDA:50,3,1,1
BRDA:51,4,0,1
BRDA:51,4,1,0
BRF:8
BRH:3
end_of_record
TN:
SF:/source/app/login/login.component.ts
FN:15,(anonymous_3)
FN:22,LoginComponent
FN:25,(anonymous_5)
FN:32,(anonymous_6)
FN:34,(anonymous_7)
FNF:5
FNH:1
FNDA:1,(anonymous_3)
FNDA:0,LoginComponent
FNDA:0,(anonymous_5)
FNDA:0,(anonymous_6)
FNDA:0,(anonymous_7)
DA:1,1
DA:2,1
DA:3,1
DA:4,1
DA:5,1
DA:6,1
DA:8,1
DA:15,1
DA:17,0
DA:22,1
DA:25,1
DA:26,0
DA:27,0
DA:28,0
DA:32,1
DA:33,0
DA:34,0
DA:37,1
LF:18
LH:12
BRF:0
BRH:0
end_of_record
TN:
SF:/source/app/simple/simple.component.ts
FN:13,(anonymous_3)
FN:18,SimpleComponent
FN:22,(anonymous_5)
FN:24,(anonymous_6)
FN:25,(anonymous_7)
FN:26,(anonymous_8)
FNF:6
FNH:4
FNDA:1,(anonymous_3)
FNDA:1,SimpleComponent
FNDA:1,(anonymous_5)
FNDA:0,(anonymous_6)
FNDA:1,(anonymous_7)
FNDA:0,(anonymous_8)
DA:1,1
DA:2,1
DA:3,1
DA:4,1
DA:6,1
DA:13,1
DA:18,1
DA:19,1
DA:22,2
DA:23,1
DA:24,0
DA:25,1
DA:26,0
DA:28,1
LF:14
LH:12
BRF:0
BRH:0
end_of_record
TN:
SF:/source/app/app.component.ts
FN:13,(anonymous_3)
FN:17,AppComponent
FNF:2
FNH:2
FNDA:1,(anonymous_3)
FNDA:1,AppComponent
DA:1,1
DA:2,1
DA:3,1
DA:4,1
DA:5,1
DA:7,1
DA:13,1
DA:17,1
DA:18,1
DA:19,1
DA:21,1
LF:11
LH:11
BRF:0
BRH:0
end_of_record
TN:
SF:/source/app/app.routes.ts
FNF:0
FNH:0
DA:1,1
DA:2,1
DA:3,1
DA:5,1
LF:4
LH:4
BRF:0
BRH:0
end_of_record
TN:
SF:/source/app/home/home.component.ts
FN:10,(anonymous_3)
FNF:1
FNH:1
FNDA:1,(anonymous_3)
DA:1,1
DA:3,1
DA:10,2
DA:11,1
LF:4
LH:4
BRF:0
BRH:0
end_of_record
TN:
SF:/source/app/navbar/navbar.component.ts
FN:11,(anonymous_3)
FNF:1
FNH:1
FNDA:2,(anonymous_3)
DA:1,1
DA:2,1
DA:3,1
DA:5,1
DA:11,2
DA:12,1
DA:13,1
DA:14,1
LF:8
LH:8
BRF:0
BRH:0
end_of_record
TN:
SF:/source/app/shared/index.ts
FNF:0
FNH:0
DA:1,1
LF:1
LH:1
BRF:0
BRH:0
end_of_record
TN:
SF:/source/app/shared/constant/index.ts
FNF:0
FNH:0
DA:1,1
DA:3,1
LF:2
LH:2
BRF:0
BRH:0
end_of_record
TN:
SF:/source/app/shared/constant/main.ts
FNF:0
FNH:0
DA:1,1
LF:1
LH:1
BRF:0
BRH:0
end_of_record
